<?xml version="1.0" encoding="utf-8"?><testsuites name="pytest tests"><testsuite name="pytest" errors="0" failures="0" skipped="0" tests="21" time="5.023" timestamp="2026-08-29T08:00:51.059583+00:00" hostname="agent-env-f428279b-1b03-4ec4-ad5a-f34250cc72ca"><testcase classname="tests.test_admin_google" name="test_admin_me_no_token" time="0.668" /><testcase classname="tests.test_admin_google" name="test_admin_issues_no_token" time="0.103" /><testcase classname="tests.test_admin_google" name="test_admin_me_super" time="0.102" /><testcase classname="tests.test_admin_google" name="test_admin_me_new_pending" time="0.100" /><testcase classname="tests.test_admin_google" name="test_new_admin_blocked_from_issues" time="0.101" /><testcase classname="tests.test_admin_google" name="test_super_metrics_29" time="0.098" /><testcase classname="tests.test_admin_google" name="test_gov_metrics_scoped" time="0.091" /><testcase classname="tests.test_admin_google" name="test_contractor_metrics_only_assigned" time="0.103" /><testcase classname="tests.test_admin_google" name="test_super_sees_all_issues" time="0.281" /><testcase classname="tests.test_admin_google" name="test_gov_sees_only_haryana" time="0.115" /><testcase classname="tests.test_admin_google" name="test_contractor_sees_only_assigned" time="0.411" /><testcase classname="tests.test_admin_google" name="test_super_lists_contractors" time="0.148" /><testcase classname="tests.test_admin_google" name="test_gov_lists_contractors" time="0.282" /><testcase classname="tests.test_admin_google" name="test_contractor_cannot_list_contractors" time="0.093" /><testcase classname="tests.test_admin_google" name="test_gov_can_assign_and_status" time="0.244" /><testcase classname="tests.test_admin_google" name="test_contractor_cannot_assign" time="0.110" /><testcase classname="tests.test_admin_google" name="test_contractor_cannot_change_category" time="0.099" /><testcase classname="tests.test_admin_google" name="test_contractor_can_update_status_on_assigned" time="0.225" /><testcase classname="tests.test_admin_google" name="test_profile_submit_and_pending_and_approve" time="0.509" /><testcase classname="tests.test_admin_google" name="test_profile_contractor_shape" time="0.220" /><testcase classname="tests.test_admin_google" name="test_gov_cannot_super_approve" time="0.142" /></testsuite></testsuites>